{"contracts/BurnToken/BurnTokenProposal.sol":{"l":{"30":3,"31":3,"34":1,"35":1,"36":1,"37":1,"38":1,"39":1,"40":1,"41":1,"45":3,"46":3,"47":3,"48":3,"49":3,"50":3,"51":3,"52":3,"53":2,"54":2,"56":1,"57":1,"61":1,"62":1,"63":1,"65":1,"66":1,"67":1,"68":1,"69":1,"70":2,"73":0,"74":0,"75":0,"76":0,"79":1,"82":1,"84":1},"path":"/home/oncemore/blockchainWork/venym/dao_contract/contracts/BurnToken/BurnTokenProposal.sol","s":{"1":3,"2":3,"3":1,"4":1,"5":1,"6":1,"7":1,"8":1,"9":1,"10":1,"11":3,"12":3,"13":3,"14":3,"15":3,"16":3,"17":3,"18":3,"19":2,"20":1,"21":1,"22":1,"23":1,"24":1,"25":1,"26":1,"27":1,"28":1,"29":2,"30":0,"31":0,"32":0,"33":0,"34":1,"35":1,"36":1},"b":{"1":[1,0],"2":[1,0],"3":[3,0],"4":[3,0],"5":[3,0],"6":[3,0],"7":[3,0],"8":[2,1],"9":[1,0],"10":[1,0],"11":[1,0],"12":[1,0]},"f":{"1":3,"2":1,"3":3,"4":1,"5":1},"fnMap":{"1":{"name":"constructor","line":29,"loc":{"start":{"line":29,"column":4},"end":{"line":32,"column":4}}},"2":{"name":"createProp","line":33,"loc":{"start":{"line":33,"column":4},"end":{"line":42,"column":4}}},"3":{"name":"vote","line":44,"loc":{"start":{"line":44,"column":4},"end":{"line":59,"column":4}}},"4":{"name":"execute","line":60,"loc":{"start":{"line":60,"column":4},"end":{"line":80,"column":4}}},"5":{"name":"showVotersList","line":81,"loc":{"start":{"line":81,"column":4},"end":{"line":90,"column":4}}}},"statementMap":{"1":{"start":{"line":30,"column":8},"end":{"line":30,"column":33}},"2":{"start":{"line":31,"column":8},"end":{"line":31,"column":41}},"3":{"start":{"line":34,"column":8},"end":{"line":34,"column":107}},"4":{"start":{"line":35,"column":8},"end":{"line":35,"column":140}},"5":{"start":{"line":36,"column":8},"end":{"line":36,"column":101}},"6":{"start":{"line":37,"column":8},"end":{"line":37,"column":29}},"7":{"start":{"line":38,"column":8},"end":{"line":38,"column":44}},"8":{"start":{"line":39,"column":8},"end":{"line":39,"column":53}},"9":{"start":{"line":40,"column":8},"end":{"line":40,"column":77}},"10":{"start":{"line":41,"column":8},"end":{"line":41,"column":77}},"11":{"start":{"line":45,"column":8},"end":{"line":45,"column":135}},"12":{"start":{"line":46,"column":8},"end":{"line":46,"column":120}},"13":{"start":{"line":47,"column":8},"end":{"line":47,"column":88}},"14":{"start":{"line":48,"column":8},"end":{"line":48,"column":77}},"15":{"start":{"line":49,"column":8},"end":{"line":49,"column":121}},"16":{"start":{"line":50,"column":8},"end":{"line":50,"column":85}},"17":{"start":{"line":51,"column":8},"end":{"line":51,"column":41}},"18":{"start":{"line":52,"column":8},"end":{"line":52,"column":2784}},"19":{"start":{"line":54,"column":12},"end":{"line":54,"column":48}},"20":{"start":{"line":57,"column":12},"end":{"line":57,"column":45}},"21":{"start":{"line":61,"column":8},"end":{"line":61,"column":135}},"22":{"start":{"line":62,"column":8},"end":{"line":62,"column":82}},"23":{"start":{"line":63,"column":8},"end":{"line":63,"column":87}},"24":{"start":{"line":65,"column":8},"end":{"line":65,"column":136}},"25":{"start":{"line":66,"column":8},"end":{"line":66,"column":3581}},"26":{"start":{"line":67,"column":12},"end":{"line":67,"column":82}},"27":{"start":{"line":68,"column":12},"end":{"line":68,"column":149}},"28":{"start":{"line":69,"column":12},"end":{"line":69,"column":3896}},"29":{"start":{"line":70,"column":16},"end":{"line":70,"column":90}},"30":{"start":{"line":73,"column":12},"end":{"line":73,"column":93}},"31":{"start":{"line":74,"column":12},"end":{"line":74,"column":146}},"32":{"start":{"line":75,"column":12},"end":{"line":75,"column":4330}},"33":{"start":{"line":76,"column":16},"end":{"line":76,"column":87}},"34":{"start":{"line":79,"column":8},"end":{"line":79,"column":35}},"35":{"start":{"line":82,"column":8},"end":{"line":82,"column":135}},"36":{"start":{"line":84,"column":8},"end":{"line":84,"column":4905}}},"branchMap":{"1":{"line":34,"type":"if","locations":[{"start":{"line":34,"column":8},"end":{"line":34,"column":8}},{"start":{"line":34,"column":8},"end":{"line":34,"column":8}}]},"2":{"line":35,"type":"if","locations":[{"start":{"line":35,"column":8},"end":{"line":35,"column":8}},{"start":{"line":35,"column":8},"end":{"line":35,"column":8}}]},"3":{"line":45,"type":"if","locations":[{"start":{"line":45,"column":8},"end":{"line":45,"column":8}},{"start":{"line":45,"column":8},"end":{"line":45,"column":8}}]},"4":{"line":46,"type":"if","locations":[{"start":{"line":46,"column":8},"end":{"line":46,"column":8}},{"start":{"line":46,"column":8},"end":{"line":46,"column":8}}]},"5":{"line":47,"type":"if","locations":[{"start":{"line":47,"column":8},"end":{"line":47,"column":8}},{"start":{"line":47,"column":8},"end":{"line":47,"column":8}}]},"6":{"line":48,"type":"if","locations":[{"start":{"line":48,"column":8},"end":{"line":48,"column":8}},{"start":{"line":48,"column":8},"end":{"line":48,"column":8}}]},"7":{"line":49,"type":"if","locations":[{"start":{"line":49,"column":8},"end":{"line":49,"column":8}},{"start":{"line":49,"column":8},"end":{"line":49,"column":8}}]},"8":{"line":52,"type":"if","locations":[{"start":{"line":52,"column":8},"end":{"line":52,"column":8}},{"start":{"line":52,"column":8},"end":{"line":52,"column":8}}]},"9":{"line":61,"type":"if","locations":[{"start":{"line":61,"column":8},"end":{"line":61,"column":8}},{"start":{"line":61,"column":8},"end":{"line":61,"column":8}}]},"10":{"line":62,"type":"if","locations":[{"start":{"line":62,"column":8},"end":{"line":62,"column":8}},{"start":{"line":62,"column":8},"end":{"line":62,"column":8}}]},"11":{"line":66,"type":"if","locations":[{"start":{"line":66,"column":8},"end":{"line":66,"column":8}},{"start":{"line":66,"column":8},"end":{"line":66,"column":8}}]},"12":{"line":82,"type":"if","locations":[{"start":{"line":82,"column":8},"end":{"line":82,"column":8}},{"start":{"line":82,"column":8},"end":{"line":82,"column":8}}]}}},"contracts/CreateToken/CreateToken.sol":{"l":{"7":1},"path":"/home/oncemore/blockchainWork/venym/dao_contract/contracts/CreateToken/CreateToken.sol","s":{"1":1},"b":{},"f":{"1":1},"fnMap":{"1":{"name":"constructor","line":6,"loc":{"start":{"line":6,"column":4},"end":{"line":8,"column":4}}}},"statementMap":{"1":{"start":{"line":7,"column":8},"end":{"line":7,"column":32}}},"branchMap":{}},"contracts/CreateToken/CreateTokenProposal.sol":{"l":{"15":3,"16":3,"17":3,"39":1,"40":1,"41":1,"42":1,"45":3,"46":3,"47":3,"48":3,"49":3,"50":3,"51":3,"52":3,"53":2,"54":2,"56":1,"57":1,"59":3,"62":1,"63":1,"64":1,"66":1,"67":1,"68":1,"69":1,"70":1,"71":1,"72":2,"75":0,"76":0,"77":0,"80":1,"83":1,"85":1},"path":"/home/oncemore/blockchainWork/venym/dao_contract/contracts/CreateToken/CreateTokenProposal.sol","s":{"1":3,"2":3,"3":3,"4":1,"5":1,"6":1,"7":1,"8":3,"9":3,"10":3,"11":3,"12":3,"13":3,"14":3,"15":3,"16":2,"17":1,"18":3,"19":1,"20":1,"21":1,"22":1,"23":1,"24":1,"25":1,"26":1,"27":1,"28":2,"29":0,"30":0,"31":0,"32":1,"33":1,"34":1},"b":{"1":[3,0],"2":[3,0],"3":[3,0],"4":[3,0],"5":[3,0],"6":[2,1],"7":[1,0],"8":[1,0],"9":[1,0],"10":[1,0]},"f":{"1":3,"2":1,"3":3,"4":1,"5":1},"fnMap":{"1":{"name":"constructor","line":14,"loc":{"start":{"line":14,"column":4},"end":{"line":18,"column":4}}},"2":{"name":"createProp","line":38,"loc":{"start":{"line":38,"column":4},"end":{"line":43,"column":4}}},"3":{"name":"vote","line":44,"loc":{"start":{"line":44,"column":4},"end":{"line":60,"column":4}}},"4":{"name":"execute","line":61,"loc":{"start":{"line":61,"column":4},"end":{"line":81,"column":4}}},"5":{"name":"showVotersList","line":82,"loc":{"start":{"line":82,"column":4},"end":{"line":91,"column":4}}}},"statementMap":{"1":{"start":{"line":15,"column":8},"end":{"line":15,"column":35}},"2":{"start":{"line":16,"column":8},"end":{"line":16,"column":38}},"3":{"start":{"line":17,"column":8},"end":{"line":17,"column":33}},"4":{"start":{"line":39,"column":8},"end":{"line":39,"column":112}},"5":{"start":{"line":40,"column":8},"end":{"line":40,"column":30}},"6":{"start":{"line":41,"column":8},"end":{"line":41,"column":45}},"7":{"start":{"line":42,"column":8},"end":{"line":42,"column":90}},"8":{"start":{"line":45,"column":8},"end":{"line":45,"column":135}},"9":{"start":{"line":46,"column":8},"end":{"line":46,"column":120}},"10":{"start":{"line":47,"column":8},"end":{"line":47,"column":88}},"11":{"start":{"line":48,"column":8},"end":{"line":48,"column":77}},"12":{"start":{"line":49,"column":8},"end":{"line":49,"column":121}},"13":{"start":{"line":50,"column":8},"end":{"line":50,"column":85}},"14":{"start":{"line":51,"column":8},"end":{"line":51,"column":41}},"15":{"start":{"line":52,"column":8},"end":{"line":52,"column":2670}},"16":{"start":{"line":54,"column":12},"end":{"line":54,"column":48}},"17":{"start":{"line":57,"column":12},"end":{"line":57,"column":45}},"18":{"start":{"line":59,"column":8},"end":{"line":59,"column":19}},"19":{"start":{"line":62,"column":8},"end":{"line":62,"column":135}},"20":{"start":{"line":63,"column":8},"end":{"line":63,"column":82}},"21":{"start":{"line":64,"column":8},"end":{"line":64,"column":87}},"22":{"start":{"line":66,"column":8},"end":{"line":66,"column":136}},"23":{"start":{"line":67,"column":8},"end":{"line":67,"column":3522}},"24":{"start":{"line":68,"column":12},"end":{"line":68,"column":149}},"25":{"start":{"line":69,"column":12},"end":{"line":69,"column":139}},"26":{"start":{"line":70,"column":12},"end":{"line":70,"column":54}},"27":{"start":{"line":71,"column":12},"end":{"line":71,"column":3939}},"28":{"start":{"line":72,"column":16},"end":{"line":72,"column":90}},"29":{"start":{"line":75,"column":12},"end":{"line":75,"column":146}},"30":{"start":{"line":76,"column":12},"end":{"line":76,"column":4277}},"31":{"start":{"line":77,"column":16},"end":{"line":77,"column":87}},"32":{"start":{"line":80,"column":12},"end":{"line":80,"column":39}},"33":{"start":{"line":83,"column":8},"end":{"line":83,"column":135}},"34":{"start":{"line":85,"column":8},"end":{"line":85,"column":4856}}},"branchMap":{"1":{"line":45,"type":"if","locations":[{"start":{"line":45,"column":8},"end":{"line":45,"column":8}},{"start":{"line":45,"column":8},"end":{"line":45,"column":8}}]},"2":{"line":46,"type":"if","locations":[{"start":{"line":46,"column":8},"end":{"line":46,"column":8}},{"start":{"line":46,"column":8},"end":{"line":46,"column":8}}]},"3":{"line":47,"type":"if","locations":[{"start":{"line":47,"column":8},"end":{"line":47,"column":8}},{"start":{"line":47,"column":8},"end":{"line":47,"column":8}}]},"4":{"line":48,"type":"if","locations":[{"start":{"line":48,"column":8},"end":{"line":48,"column":8}},{"start":{"line":48,"column":8},"end":{"line":48,"column":8}}]},"5":{"line":49,"type":"if","locations":[{"start":{"line":49,"column":8},"end":{"line":49,"column":8}},{"start":{"line":49,"column":8},"end":{"line":49,"column":8}}]},"6":{"line":52,"type":"if","locations":[{"start":{"line":52,"column":8},"end":{"line":52,"column":8}},{"start":{"line":52,"column":8},"end":{"line":52,"column":8}}]},"7":{"line":62,"type":"if","locations":[{"start":{"line":62,"column":8},"end":{"line":62,"column":8}},{"start":{"line":62,"column":8},"end":{"line":62,"column":8}}]},"8":{"line":63,"type":"if","locations":[{"start":{"line":63,"column":8},"end":{"line":63,"column":8}},{"start":{"line":63,"column":8},"end":{"line":63,"column":8}}]},"9":{"line":67,"type":"if","locations":[{"start":{"line":67,"column":8},"end":{"line":67,"column":8}},{"start":{"line":67,"column":8},"end":{"line":67,"column":8}}]},"10":{"line":83,"type":"if","locations":[{"start":{"line":83,"column":8},"end":{"line":83,"column":8}},{"start":{"line":83,"column":8},"end":{"line":83,"column":8}}]}}},"contracts/CreateToken/Factory.sol":{"l":{"15":1,"16":1,"17":1,"18":1,"21":1,"22":1},"path":"/home/oncemore/blockchainWork/venym/dao_contract/contracts/CreateToken/Factory.sol","s":{"1":1,"2":1,"3":1,"4":1,"5":1},"b":{},"f":{"1":1},"fnMap":{"1":{"name":"createToken","line":10,"loc":{"start":{"line":10,"column":4},"end":{"line":23,"column":4}}}},"statementMap":{"1":{"start":{"line":15,"column":8},"end":{"line":15,"column":62}},"2":{"start":{"line":16,"column":8},"end":{"line":16,"column":80}},"3":{"start":{"line":17,"column":8},"end":{"line":17,"column":74}},"4":{"start":{"line":21,"column":8},"end":{"line":21,"column":28}},"5":{"start":{"line":22,"column":8},"end":{"line":22,"column":62}}},"branchMap":{}},"contracts/CreateToken/Interface/IFactory.sol":{"l":{},"path":"/home/oncemore/blockchainWork/venym/dao_contract/contracts/CreateToken/Interface/IFactory.sol","s":{},"b":{},"f":{},"fnMap":{},"statementMap":{},"branchMap":{}},"contracts/Dao.sol":{"l":{"11":3,"14":3,"17":3,"20":5,"21":5},"path":"/home/oncemore/blockchainWork/venym/dao_contract/contracts/Dao.sol","s":{"1":3,"2":3,"3":3,"4":5,"5":5},"b":{"1":[5,0]},"f":{"1":3,"2":3,"3":3,"4":5},"fnMap":{"1":{"name":"constructor","line":10,"loc":{"start":{"line":10,"column":4},"end":{"line":12,"column":4}}},"2":{"name":"setVoteFee","line":13,"loc":{"start":{"line":13,"column":4},"end":{"line":15,"column":4}}},"3":{"name":"setProposalAddress","line":16,"loc":{"start":{"line":16,"column":4},"end":{"line":18,"column":4}}},"4":{"name":"approve","line":19,"loc":{"start":{"line":19,"column":4},"end":{"line":22,"column":4}}}},"statementMap":{"1":{"start":{"line":11,"column":8},"end":{"line":11,"column":40}},"2":{"start":{"line":14,"column":8},"end":{"line":14,"column":21}},"3":{"start":{"line":17,"column":8},"end":{"line":17,"column":37}},"4":{"start":{"line":20,"column":8},"end":{"line":20,"column":103}},"5":{"start":{"line":21,"column":8},"end":{"line":21,"column":47}}},"branchMap":{"1":{"line":20,"type":"if","locations":[{"start":{"line":20,"column":8},"end":{"line":20,"column":8}},{"start":{"line":20,"column":8},"end":{"line":20,"column":8}}]}}},"contracts/GovernanceToken/IVNMToken.sol":{"l":{},"path":"/home/oncemore/blockchainWork/venym/dao_contract/contracts/GovernanceToken/IVNMToken.sol","s":{},"b":{},"f":{},"fnMap":{},"statementMap":{},"branchMap":{}},"contracts/GovernanceToken/VNMToken.sol":{"l":{"13":3,"14":3,"17":3,"20":0,"23":7,"24":7,"25":7,"32":20,"33":20,"34":20,"35":20,"36":20,"40":20,"43":1,"46":1,"47":1},"path":"/home/oncemore/blockchainWork/venym/dao_contract/contracts/GovernanceToken/VNMToken.sol","s":{"1":3,"2":3,"3":3,"4":0,"5":7,"6":7,"7":7,"8":20,"9":20,"10":20,"11":20,"12":20,"13":1,"14":1,"15":1},"b":{"1":[20,0],"2":[1,0]},"f":{"1":3,"2":3,"3":0,"4":7,"5":20,"6":1,"7":1},"fnMap":{"1":{"name":"constructor","line":12,"loc":{"start":{"line":12,"column":4},"end":{"line":15,"column":4}}},"2":{"name":"setFeeWallet","line":16,"loc":{"start":{"line":16,"column":4},"end":{"line":18,"column":4}}},"3":{"name":"decimals","line":19,"loc":{"start":{"line":19,"column":4},"end":{"line":21,"column":4}}},"4":{"name":"transfer","line":22,"loc":{"start":{"line":22,"column":4},"end":{"line":26,"column":4}}},"5":{"name":"transferFrom","line":27,"loc":{"start":{"line":27,"column":4},"end":{"line":41,"column":4}}},"6":{"name":"setBurnProposalAddr","line":42,"loc":{"start":{"line":42,"column":4},"end":{"line":44,"column":4}}},"7":{"name":"burn","line":45,"loc":{"start":{"line":45,"column":4},"end":{"line":48,"column":4}}}},"statementMap":{"1":{"start":{"line":13,"column":8},"end":{"line":13,"column":35}},"2":{"start":{"line":14,"column":8},"end":{"line":14,"column":46}},"3":{"start":{"line":17,"column":8},"end":{"line":17,"column":30}},"4":{"start":{"line":20,"column":8},"end":{"line":20,"column":16}},"5":{"start":{"line":23,"column":8},"end":{"line":23,"column":69}},"6":{"start":{"line":24,"column":8},"end":{"line":24,"column":66}},"7":{"start":{"line":25,"column":8},"end":{"line":25,"column":19}},"8":{"start":{"line":32,"column":8},"end":{"line":32,"column":63}},"9":{"start":{"line":33,"column":8},"end":{"line":33,"column":60}},"10":{"start":{"line":34,"column":8},"end":{"line":34,"column":66}},"11":{"start":{"line":35,"column":8},"end":{"line":35,"column":86}},"12":{"start":{"line":40,"column":8},"end":{"line":40,"column":19}},"13":{"start":{"line":43,"column":8},"end":{"line":43,"column":36}},"14":{"start":{"line":46,"column":8},"end":{"line":46,"column":101}},"15":{"start":{"line":47,"column":8},"end":{"line":47,"column":29}}},"branchMap":{"1":{"line":35,"type":"if","locations":[{"start":{"line":35,"column":8},"end":{"line":35,"column":8}},{"start":{"line":35,"column":8},"end":{"line":35,"column":8}}]},"2":{"line":46,"type":"if","locations":[{"start":{"line":46,"column":8},"end":{"line":46,"column":8}},{"start":{"line":46,"column":8},"end":{"line":46,"column":8}}]}}},"contracts/Withdraw/WithdrawTokenProposal.sol":{"l":{"36":3,"37":3,"38":3,"42":1,"43":1,"44":1,"45":1,"46":1,"47":1,"48":1,"49":1,"50":1,"51":1,"55":3,"56":3,"57":3,"58":3,"59":3,"60":3,"61":3,"62":3,"63":2,"64":2,"66":1,"67":1,"72":1,"74":1,"83":1,"84":1,"88":1,"89":1,"90":1,"91":1,"93":1,"94":1,"95":1,"96":1,"97":1,"98":2,"101":0,"102":0,"103":0,"104":0,"107":1},"path":"/home/oncemore/blockchainWork/venym/dao_contract/contracts/Withdraw/WithdrawTokenProposal.sol","s":{"1":3,"2":3,"3":3,"4":1,"5":1,"6":1,"7":1,"8":1,"9":1,"10":1,"11":1,"12":1,"13":1,"14":3,"15":3,"16":3,"17":3,"18":3,"19":3,"20":3,"21":3,"22":2,"23":1,"24":1,"25":1,"26":1,"27":1,"28":1,"29":1,"30":1,"31":1,"32":1,"33":1,"34":1,"35":1,"36":1,"37":2,"38":0,"39":0,"40":0,"41":0,"42":1},"b":{"1":[1,0],"2":[1,0],"3":[1,0],"4":[3,0],"5":[3,0],"6":[3,0],"7":[3,0],"8":[3,0],"9":[2,1],"10":[1,0],"11":[1,0],"12":[1,0],"13":[1,0],"14":[1,0],"15":[1,0]},"f":{"1":3,"2":1,"3":3,"4":1,"5":1,"6":1},"fnMap":{"1":{"name":"constructor","line":35,"loc":{"start":{"line":35,"column":4},"end":{"line":39,"column":4}}},"2":{"name":"createProp","line":41,"loc":{"start":{"line":41,"column":4},"end":{"line":52,"column":4}}},"3":{"name":"vote","line":54,"loc":{"start":{"line":54,"column":4},"end":{"line":69,"column":4}}},"4":{"name":"showVotersList","line":71,"loc":{"start":{"line":71,"column":4},"end":{"line":80,"column":4}}},"5":{"name":"setWithdrawTo","line":82,"loc":{"start":{"line":82,"column":4},"end":{"line":85,"column":4}}},"6":{"name":"execute","line":87,"loc":{"start":{"line":87,"column":4},"end":{"line":108,"column":4}}}},"statementMap":{"1":{"start":{"line":36,"column":8},"end":{"line":36,"column":34}},"2":{"start":{"line":37,"column":8},"end":{"line":37,"column":28}},"3":{"start":{"line":38,"column":8},"end":{"line":38,"column":38}},"4":{"start":{"line":42,"column":8},"end":{"line":42,"column":113}},"5":{"start":{"line":43,"column":8},"end":{"line":43,"column":104}},"6":{"start":{"line":44,"column":8},"end":{"line":44,"column":37}},"7":{"start":{"line":45,"column":8},"end":{"line":45,"column":153}},"8":{"start":{"line":46,"column":8},"end":{"line":46,"column":114}},"9":{"start":{"line":47,"column":8},"end":{"line":47,"column":29}},"10":{"start":{"line":48,"column":8},"end":{"line":48,"column":41}},"11":{"start":{"line":49,"column":8},"end":{"line":49,"column":50}},"12":{"start":{"line":50,"column":8},"end":{"line":50,"column":79}},"13":{"start":{"line":51,"column":8},"end":{"line":51,"column":82}},"14":{"start":{"line":55,"column":8},"end":{"line":55,"column":135}},"15":{"start":{"line":56,"column":8},"end":{"line":56,"column":120}},"16":{"start":{"line":57,"column":8},"end":{"line":57,"column":88}},"17":{"start":{"line":58,"column":8},"end":{"line":58,"column":77}},"18":{"start":{"line":59,"column":8},"end":{"line":59,"column":121}},"19":{"start":{"line":60,"column":8},"end":{"line":60,"column":85}},"20":{"start":{"line":61,"column":8},"end":{"line":61,"column":41}},"21":{"start":{"line":62,"column":8},"end":{"line":62,"column":3156}},"22":{"start":{"line":64,"column":12},"end":{"line":64,"column":48}},"23":{"start":{"line":67,"column":12},"end":{"line":67,"column":45}},"24":{"start":{"line":72,"column":8},"end":{"line":72,"column":135}},"25":{"start":{"line":74,"column":8},"end":{"line":74,"column":3745}},"26":{"start":{"line":83,"column":8},"end":{"line":83,"column":114}},"27":{"start":{"line":84,"column":8},"end":{"line":84,"column":23}},"28":{"start":{"line":88,"column":8},"end":{"line":88,"column":115}},"29":{"start":{"line":89,"column":8},"end":{"line":89,"column":135}},"30":{"start":{"line":90,"column":8},"end":{"line":90,"column":82}},"31":{"start":{"line":91,"column":8},"end":{"line":91,"column":87}},"32":{"start":{"line":93,"column":8},"end":{"line":93,"column":136}},"33":{"start":{"line":94,"column":8},"end":{"line":94,"column":4809}},"34":{"start":{"line":95,"column":12},"end":{"line":95,"column":93}},"35":{"start":{"line":96,"column":12},"end":{"line":96,"column":149}},"36":{"start":{"line":97,"column":12},"end":{"line":97,"column":5125}},"37":{"start":{"line":98,"column":16},"end":{"line":98,"column":90}},"38":{"start":{"line":101,"column":12},"end":{"line":101,"column":103}},"39":{"start":{"line":102,"column":12},"end":{"line":102,"column":146}},"40":{"start":{"line":103,"column":12},"end":{"line":103,"column":5569}},"41":{"start":{"line":104,"column":16},"end":{"line":104,"column":87}},"42":{"start":{"line":107,"column":8},"end":{"line":107,"column":35}}},"branchMap":{"1":{"line":42,"type":"if","locations":[{"start":{"line":42,"column":8},"end":{"line":42,"column":8}},{"start":{"line":42,"column":8},"end":{"line":42,"column":8}}]},"2":{"line":43,"type":"if","locations":[{"start":{"line":43,"column":8},"end":{"line":43,"column":8}},{"start":{"line":43,"column":8},"end":{"line":43,"column":8}}]},"3":{"line":45,"type":"if","locations":[{"start":{"line":45,"column":8},"end":{"line":45,"column":8}},{"start":{"line":45,"column":8},"end":{"line":45,"column":8}}]},"4":{"line":55,"type":"if","locations":[{"start":{"line":55,"column":8},"end":{"line":55,"column":8}},{"start":{"line":55,"column":8},"end":{"line":55,"column":8}}]},"5":{"line":56,"type":"if","locations":[{"start":{"line":56,"column":8},"end":{"line":56,"column":8}},{"start":{"line":56,"column":8},"end":{"line":56,"column":8}}]},"6":{"line":57,"type":"if","locations":[{"start":{"line":57,"column":8},"end":{"line":57,"column":8}},{"start":{"line":57,"column":8},"end":{"line":57,"column":8}}]},"7":{"line":58,"type":"if","locations":[{"start":{"line":58,"column":8},"end":{"line":58,"column":8}},{"start":{"line":58,"column":8},"end":{"line":58,"column":8}}]},"8":{"line":59,"type":"if","locations":[{"start":{"line":59,"column":8},"end":{"line":59,"column":8}},{"start":{"line":59,"column":8},"end":{"line":59,"column":8}}]},"9":{"line":62,"type":"if","locations":[{"start":{"line":62,"column":8},"end":{"line":62,"column":8}},{"start":{"line":62,"column":8},"end":{"line":62,"column":8}}]},"10":{"line":72,"type":"if","locations":[{"start":{"line":72,"column":8},"end":{"line":72,"column":8}},{"start":{"line":72,"column":8},"end":{"line":72,"column":8}}]},"11":{"line":83,"type":"if","locations":[{"start":{"line":83,"column":8},"end":{"line":83,"column":8}},{"start":{"line":83,"column":8},"end":{"line":83,"column":8}}]},"12":{"line":88,"type":"if","locations":[{"start":{"line":88,"column":8},"end":{"line":88,"column":8}},{"start":{"line":88,"column":8},"end":{"line":88,"column":8}}]},"13":{"line":89,"type":"if","locations":[{"start":{"line":89,"column":8},"end":{"line":89,"column":8}},{"start":{"line":89,"column":8},"end":{"line":89,"column":8}}]},"14":{"line":90,"type":"if","locations":[{"start":{"line":90,"column":8},"end":{"line":90,"column":8}},{"start":{"line":90,"column":8},"end":{"line":90,"column":8}}]},"15":{"line":94,"type":"if","locations":[{"start":{"line":94,"column":8},"end":{"line":94,"column":8}},{"start":{"line":94,"column":8},"end":{"line":94,"column":8}}]}}}}