{"contracts/BurnToken/BurnToken.sol":{"l":{"22":0,"23":0,"24":0,"25":0,"26":0,"27":0,"30":0,"31":0,"32":0,"33":0,"34":0,"36":0,"38":0,"41":0,"42":0,"43":0,"45":0,"46":0,"47":0,"48":0},"path":"/home/oncemore/blockchainWork/venym/dao_contract/contracts/BurnToken/BurnToken.sol","s":{"1":0,"2":0,"3":0,"4":0,"5":0,"6":0,"7":0,"8":0,"9":0,"10":0,"11":0,"12":0,"13":0,"14":0,"15":0,"16":0,"17":0,"18":0},"b":{"1":[0,0],"2":[0,0],"3":[0,0],"4":[0,0],"5":[0,0],"6":[0,0],"7":[0,0]},"f":{"1":0,"2":0,"3":0},"fnMap":{"1":{"name":"createProp","line":21,"loc":{"start":{"line":21,"column":4},"end":{"line":28,"column":4}}},"2":{"name":"vote","line":29,"loc":{"start":{"line":29,"column":4},"end":{"line":39,"column":4}}},"3":{"name":"execute","line":40,"loc":{"start":{"line":40,"column":4},"end":{"line":49,"column":4}}}},"statementMap":{"1":{"start":{"line":22,"column":8},"end":{"line":22,"column":68}},"2":{"start":{"line":23,"column":8},"end":{"line":23,"column":89}},"3":{"start":{"line":24,"column":8},"end":{"line":24,"column":88}},"4":{"start":{"line":25,"column":8},"end":{"line":25,"column":94}},"5":{"start":{"line":26,"column":8},"end":{"line":26,"column":29}},"6":{"start":{"line":27,"column":8},"end":{"line":27,"column":32}},"7":{"start":{"line":30,"column":8},"end":{"line":30,"column":88}},"8":{"start":{"line":31,"column":8},"end":{"line":31,"column":68}},"9":{"start":{"line":32,"column":8},"end":{"line":32,"column":32}},"10":{"start":{"line":33,"column":8},"end":{"line":33,"column":1431}},"11":{"start":{"line":38,"column":8},"end":{"line":38,"column":19}},"12":{"start":{"line":41,"column":8},"end":{"line":41,"column":109}},"13":{"start":{"line":42,"column":8},"end":{"line":42,"column":82}},"14":{"start":{"line":43,"column":8},"end":{"line":43,"column":87}},"15":{"start":{"line":45,"column":8},"end":{"line":45,"column":52}},"16":{"start":{"line":46,"column":8},"end":{"line":46,"column":70}},"17":{"start":{"line":47,"column":8},"end":{"line":47,"column":35}},"18":{"start":{"line":48,"column":8},"end":{"line":48,"column":19}}},"branchMap":{"1":{"line":22,"type":"if","locations":[{"start":{"line":22,"column":8},"end":{"line":22,"column":8}},{"start":{"line":22,"column":8},"end":{"line":22,"column":8}}]},"2":{"line":24,"type":"if","locations":[{"start":{"line":24,"column":8},"end":{"line":24,"column":8}},{"start":{"line":24,"column":8},"end":{"line":24,"column":8}}]},"3":{"line":30,"type":"if","locations":[{"start":{"line":30,"column":8},"end":{"line":30,"column":8}},{"start":{"line":30,"column":8},"end":{"line":30,"column":8}}]},"4":{"line":31,"type":"if","locations":[{"start":{"line":31,"column":8},"end":{"line":31,"column":8}},{"start":{"line":31,"column":8},"end":{"line":31,"column":8}}]},"5":{"line":33,"type":"if","locations":[{"start":{"line":33,"column":8},"end":{"line":33,"column":8}},{"start":{"line":33,"column":8},"end":{"line":33,"column":8}}]},"6":{"line":41,"type":"if","locations":[{"start":{"line":41,"column":8},"end":{"line":41,"column":8}},{"start":{"line":41,"column":8},"end":{"line":41,"column":8}}]},"7":{"line":42,"type":"if","locations":[{"start":{"line":42,"column":8},"end":{"line":42,"column":8}},{"start":{"line":42,"column":8},"end":{"line":42,"column":8}}]}}},"contracts/CreateToken/CreateToken.sol":{"l":{"7":3},"path":"/home/oncemore/blockchainWork/venym/dao_contract/contracts/CreateToken/CreateToken.sol","s":{"1":3},"b":{},"f":{"1":3},"fnMap":{"1":{"name":"constructor","line":6,"loc":{"start":{"line":6,"column":4},"end":{"line":8,"column":4}}}},"statementMap":{"1":{"start":{"line":7,"column":8},"end":{"line":7,"column":32}}},"branchMap":{}},"contracts/CreateToken/CreateTokenProposal.sol":{"l":{"15":3,"16":3,"17":3,"39":2,"40":2,"41":2,"42":2,"45":8,"46":8,"47":8,"48":8,"49":8,"50":8,"51":5,"52":5,"54":3,"55":3,"57":8,"60":2,"61":2,"63":2,"64":2,"65":2,"66":2,"67":2,"68":5,"71":0,"72":0,"73":0,"76":2,"80":1},"path":"/home/oncemore/blockchainWork/venym/dao_contract/contracts/CreateToken/CreateTokenProposal.sol","s":{"1":3,"2":3,"3":3,"4":2,"5":2,"6":2,"7":2,"8":8,"9":8,"10":8,"11":8,"12":8,"13":8,"14":5,"15":3,"16":8,"17":2,"18":2,"19":2,"20":2,"21":2,"22":2,"23":2,"24":5,"25":0,"26":0,"27":0,"28":2,"29":1},"b":{"1":[8,0],"2":[8,0],"3":[8,0],"4":[5,3],"5":[2,0],"6":[2,0]},"f":{"1":3,"2":2,"3":8,"4":2,"5":1},"fnMap":{"1":{"name":"constructor","line":14,"loc":{"start":{"line":14,"column":4},"end":{"line":18,"column":4}}},"2":{"name":"createProp","line":38,"loc":{"start":{"line":38,"column":4},"end":{"line":43,"column":4}}},"3":{"name":"vote","line":44,"loc":{"start":{"line":44,"column":4},"end":{"line":58,"column":4}}},"4":{"name":"execute","line":59,"loc":{"start":{"line":59,"column":4},"end":{"line":77,"column":4}}},"5":{"name":"showVotersList","line":78,"loc":{"start":{"line":78,"column":4},"end":{"line":86,"column":4}}}},"statementMap":{"1":{"start":{"line":15,"column":8},"end":{"line":15,"column":35}},"2":{"start":{"line":16,"column":8},"end":{"line":16,"column":38}},"3":{"start":{"line":17,"column":8},"end":{"line":17,"column":33}},"4":{"start":{"line":39,"column":8},"end":{"line":39,"column":112}},"5":{"start":{"line":40,"column":8},"end":{"line":40,"column":30}},"6":{"start":{"line":41,"column":8},"end":{"line":41,"column":41}},"7":{"start":{"line":42,"column":8},"end":{"line":42,"column":90}},"8":{"start":{"line":45,"column":8},"end":{"line":45,"column":88}},"9":{"start":{"line":46,"column":8},"end":{"line":46,"column":77}},"10":{"start":{"line":47,"column":8},"end":{"line":47,"column":121}},"11":{"start":{"line":48,"column":8},"end":{"line":48,"column":85}},"12":{"start":{"line":49,"column":8},"end":{"line":49,"column":41}},"13":{"start":{"line":50,"column":8},"end":{"line":50,"column":2405}},"14":{"start":{"line":52,"column":12},"end":{"line":52,"column":48}},"15":{"start":{"line":55,"column":12},"end":{"line":55,"column":45}},"16":{"start":{"line":57,"column":8},"end":{"line":57,"column":19}},"17":{"start":{"line":60,"column":8},"end":{"line":60,"column":82}},"18":{"start":{"line":61,"column":8},"end":{"line":61,"column":87}},"19":{"start":{"line":63,"column":8},"end":{"line":63,"column":2980}},"20":{"start":{"line":64,"column":12},"end":{"line":64,"column":149}},"21":{"start":{"line":65,"column":12},"end":{"line":65,"column":139}},"22":{"start":{"line":66,"column":12},"end":{"line":66,"column":54}},"23":{"start":{"line":67,"column":12},"end":{"line":67,"column":3397}},"24":{"start":{"line":68,"column":16},"end":{"line":68,"column":90}},"25":{"start":{"line":71,"column":12},"end":{"line":71,"column":146}},"26":{"start":{"line":72,"column":12},"end":{"line":72,"column":3735}},"27":{"start":{"line":73,"column":16},"end":{"line":73,"column":87}},"28":{"start":{"line":76,"column":12},"end":{"line":76,"column":39}},"29":{"start":{"line":80,"column":8},"end":{"line":80,"column":4176}}},"branchMap":{"1":{"line":45,"type":"if","locations":[{"start":{"line":45,"column":8},"end":{"line":45,"column":8}},{"start":{"line":45,"column":8},"end":{"line":45,"column":8}}]},"2":{"line":46,"type":"if","locations":[{"start":{"line":46,"column":8},"end":{"line":46,"column":8}},{"start":{"line":46,"column":8},"end":{"line":46,"column":8}}]},"3":{"line":47,"type":"if","locations":[{"start":{"line":47,"column":8},"end":{"line":47,"column":8}},{"start":{"line":47,"column":8},"end":{"line":47,"column":8}}]},"4":{"line":50,"type":"if","locations":[{"start":{"line":50,"column":8},"end":{"line":50,"column":8}},{"start":{"line":50,"column":8},"end":{"line":50,"column":8}}]},"5":{"line":60,"type":"if","locations":[{"start":{"line":60,"column":8},"end":{"line":60,"column":8}},{"start":{"line":60,"column":8},"end":{"line":60,"column":8}}]},"6":{"line":63,"type":"if","locations":[{"start":{"line":63,"column":8},"end":{"line":63,"column":8}},{"start":{"line":63,"column":8},"end":{"line":63,"column":8}}]}}},"contracts/CreateToken/Factory.sol":{"l":{"15":3,"16":3,"17":3,"18":3,"21":3,"22":3},"path":"/home/oncemore/blockchainWork/venym/dao_contract/contracts/CreateToken/Factory.sol","s":{"1":3,"2":3,"3":3,"4":3,"5":3},"b":{},"f":{"1":3},"fnMap":{"1":{"name":"createToken","line":10,"loc":{"start":{"line":10,"column":4},"end":{"line":23,"column":4}}}},"statementMap":{"1":{"start":{"line":15,"column":8},"end":{"line":15,"column":62}},"2":{"start":{"line":16,"column":8},"end":{"line":16,"column":80}},"3":{"start":{"line":17,"column":8},"end":{"line":17,"column":74}},"4":{"start":{"line":21,"column":8},"end":{"line":21,"column":28}},"5":{"start":{"line":22,"column":8},"end":{"line":22,"column":62}}},"branchMap":{}},"contracts/CreateToken/Interface/IFactory.sol":{"l":{},"path":"/home/oncemore/blockchainWork/venym/dao_contract/contracts/CreateToken/Interface/IFactory.sol","s":{},"b":{},"f":{},"fnMap":{},"statementMap":{},"branchMap":{}},"contracts/Dao.sol":{"l":{"10":3,"13":1,"16":1},"path":"/home/oncemore/blockchainWork/venym/dao_contract/contracts/Dao.sol","s":{"1":3,"2":1,"3":1},"b":{},"f":{"1":3,"2":1,"3":1},"fnMap":{"1":{"name":"constructor","line":9,"loc":{"start":{"line":9,"column":4},"end":{"line":11,"column":4}}},"2":{"name":"setVoteFee","line":12,"loc":{"start":{"line":12,"column":4},"end":{"line":14,"column":4}}},"3":{"name":"approve","line":15,"loc":{"start":{"line":15,"column":4},"end":{"line":17,"column":4}}}},"statementMap":{"1":{"start":{"line":10,"column":8},"end":{"line":10,"column":40}},"2":{"start":{"line":13,"column":8},"end":{"line":13,"column":21}},"3":{"start":{"line":16,"column":8},"end":{"line":16,"column":47}}},"branchMap":{}},"contracts/GovernanceToken/VNMToken.sol":{"l":{"12":3,"13":3,"16":1,"19":0,"22":2,"23":2,"24":2,"31":14,"32":14,"33":14,"34":14,"35":14,"39":14},"path":"/home/oncemore/blockchainWork/venym/dao_contract/contracts/GovernanceToken/VNMToken.sol","s":{"1":3,"2":3,"3":1,"4":0,"5":2,"6":2,"7":2,"8":14,"9":14,"10":14,"11":14,"12":14},"b":{"1":[14,0]},"f":{"1":3,"2":1,"3":0,"4":2,"5":14},"fnMap":{"1":{"name":"constructor","line":11,"loc":{"start":{"line":11,"column":4},"end":{"line":14,"column":4}}},"2":{"name":"setFeeWallet","line":15,"loc":{"start":{"line":15,"column":4},"end":{"line":17,"column":4}}},"3":{"name":"decimals","line":18,"loc":{"start":{"line":18,"column":4},"end":{"line":20,"column":4}}},"4":{"name":"transfer","line":21,"loc":{"start":{"line":21,"column":4},"end":{"line":25,"column":4}}},"5":{"name":"transferFrom","line":26,"loc":{"start":{"line":26,"column":4},"end":{"line":40,"column":4}}}},"statementMap":{"1":{"start":{"line":12,"column":8},"end":{"line":12,"column":35}},"2":{"start":{"line":13,"column":8},"end":{"line":13,"column":46}},"3":{"start":{"line":16,"column":8},"end":{"line":16,"column":30}},"4":{"start":{"line":19,"column":8},"end":{"line":19,"column":16}},"5":{"start":{"line":22,"column":8},"end":{"line":22,"column":69}},"6":{"start":{"line":23,"column":8},"end":{"line":23,"column":66}},"7":{"start":{"line":24,"column":8},"end":{"line":24,"column":19}},"8":{"start":{"line":31,"column":8},"end":{"line":31,"column":63}},"9":{"start":{"line":32,"column":8},"end":{"line":32,"column":60}},"10":{"start":{"line":33,"column":8},"end":{"line":33,"column":66}},"11":{"start":{"line":34,"column":8},"end":{"line":34,"column":86}},"12":{"start":{"line":39,"column":8},"end":{"line":39,"column":19}}},"branchMap":{"1":{"line":34,"type":"if","locations":[{"start":{"line":34,"column":8},"end":{"line":34,"column":8}},{"start":{"line":34,"column":8},"end":{"line":34,"column":8}}]}}}}