TN:
SF:/home/oncemore/blockchainWork/venym/dao_contract/contracts/BurnToken/BurnTokenProposal.sol
FN:29,constructor
FN:33,createProp
FN:44,vote
FN:60,execute
FN:81,showVotersList
FNF:5
FNH:5
FNDA:3,constructor
FNDA:1,createProp
FNDA:3,vote
FNDA:1,execute
FNDA:1,showVotersList
DA:30,3
DA:31,3
DA:34,1
DA:35,1
DA:36,1
DA:37,1
DA:38,1
DA:39,1
DA:40,1
DA:41,1
DA:45,3
DA:46,3
DA:47,3
DA:48,3
DA:49,3
DA:50,3
DA:51,3
DA:52,3
DA:53,2
DA:54,2
DA:56,1
DA:57,1
DA:61,1
DA:62,1
DA:63,1
DA:65,1
DA:66,1
DA:67,1
DA:68,1
DA:69,1
DA:70,2
DA:73,0
DA:74,0
DA:75,0
DA:76,0
DA:79,1
DA:82,1
DA:84,1
LF:38
LH:34
BRDA:34,1,0,1
BRDA:34,1,1,0
BRDA:35,2,0,1
BRDA:35,2,1,0
BRDA:45,3,0,3
BRDA:45,3,1,0
BRDA:46,4,0,3
BRDA:46,4,1,0
BRDA:47,5,0,3
BRDA:47,5,1,0
BRDA:48,6,0,3
BRDA:48,6,1,0
BRDA:49,7,0,3
BRDA:49,7,1,0
BRDA:52,8,0,2
BRDA:52,8,1,1
BRDA:61,9,0,1
BRDA:61,9,1,0
BRDA:62,10,0,1
BRDA:62,10,1,0
BRDA:66,11,0,1
BRDA:66,11,1,0
BRDA:82,12,0,1
BRDA:82,12,1,0
BRF:24
BRH:13
end_of_record
TN:
SF:/home/oncemore/blockchainWork/venym/dao_contract/contracts/CreateToken/CreateToken.sol
FN:6,constructor
FNF:1
FNH:1
FNDA:1,constructor
DA:7,1
LF:1
LH:1
BRF:0
BRH:0
end_of_record
TN:
SF:/home/oncemore/blockchainWork/venym/dao_contract/contracts/CreateToken/CreateTokenProposal.sol
FN:14,constructor
FN:38,createProp
FN:44,vote
FN:61,execute
FN:82,showVotersList
FNF:5
FNH:5
FNDA:3,constructor
FNDA:1,createProp
FNDA:3,vote
FNDA:1,execute
FNDA:1,showVotersList
DA:15,3
DA:16,3
DA:17,3
DA:39,1
DA:40,1
DA:41,1
DA:42,1
DA:45,3
DA:46,3
DA:47,3
DA:48,3
DA:49,3
DA:50,3
DA:51,3
DA:52,3
DA:53,2
DA:54,2
DA:56,1
DA:57,1
DA:59,3
DA:62,1
DA:63,1
DA:64,1
DA:66,1
DA:67,1
DA:68,1
DA:69,1
DA:70,1
DA:71,1
DA:72,2
DA:75,0
DA:76,0
DA:77,0
DA:80,1
DA:83,1
DA:85,1
LF:36
LH:33
BRDA:45,1,0,3
BRDA:45,1,1,0
BRDA:46,2,0,3
BRDA:46,2,1,0
BRDA:47,3,0,3
BRDA:47,3,1,0
BRDA:48,4,0,3
BRDA:48,4,1,0
BRDA:49,5,0,3
BRDA:49,5,1,0
BRDA:52,6,0,2
BRDA:52,6,1,1
BRDA:62,7,0,1
BRDA:62,7,1,0
BRDA:63,8,0,1
BRDA:63,8,1,0
BRDA:67,9,0,1
BRDA:67,9,1,0
BRDA:83,10,0,1
BRDA:83,10,1,0
BRF:20
BRH:11
end_of_record
TN:
SF:/home/oncemore/blockchainWork/venym/dao_contract/contracts/CreateToken/Factory.sol
FN:10,createToken
FNF:1
FNH:1
FNDA:1,createToken
DA:15,1
DA:16,1
DA:17,1
DA:18,1
DA:21,1
DA:22,1
LF:6
LH:6
BRF:0
BRH:0
end_of_record
TN:
SF:/home/oncemore/blockchainWork/venym/dao_contract/contracts/CreateToken/Interface/IFactory.sol
FNF:0
FNH:0
LF:0
LH:0
BRF:0
BRH:0
end_of_record
TN:
SF:/home/oncemore/blockchainWork/venym/dao_contract/contracts/Dao.sol
FN:10,constructor
FN:13,setVoteFee
FN:16,setProposalAddress
FN:19,approve
FNF:4
FNH:4
FNDA:3,constructor
FNDA:3,setVoteFee
FNDA:3,setProposalAddress
FNDA:5,approve
DA:11,3
DA:14,3
DA:17,3
DA:20,5
DA:21,5
LF:5
LH:5
BRDA:20,1,0,5
BRDA:20,1,1,0
BRF:2
BRH:1
end_of_record
TN:
SF:/home/oncemore/blockchainWork/venym/dao_contract/contracts/GovernanceToken/IVNMToken.sol
FNF:0
FNH:0
LF:0
LH:0
BRF:0
BRH:0
end_of_record
TN:
SF:/home/oncemore/blockchainWork/venym/dao_contract/contracts/GovernanceToken/VNMToken.sol
FN:12,constructor
FN:16,setFeeWallet
FN:19,decimals
FN:22,transfer
FN:27,transferFrom
FN:42,setBurnProposalAddr
FN:45,burn
FNF:7
FNH:6
FNDA:3,constructor
FNDA:3,setFeeWallet
FNDA:0,decimals
FNDA:7,transfer
FNDA:20,transferFrom
FNDA:1,setBurnProposalAddr
FNDA:1,burn
DA:13,3
DA:14,3
DA:17,3
DA:20,0
DA:23,7
DA:24,7
DA:25,7
DA:32,20
DA:33,20
DA:34,20
DA:35,20
DA:36,20
DA:40,20
DA:43,1
DA:46,1
DA:47,1
LF:16
LH:15
BRDA:35,1,0,20
BRDA:35,1,1,0
BRDA:46,2,0,1
BRDA:46,2,1,0
BRF:4
BRH:2
end_of_record
TN:
SF:/home/oncemore/blockchainWork/venym/dao_contract/contracts/Withdraw/WithdrawTokenProposal.sol
FN:35,constructor
FN:41,createProp
FN:54,vote
FN:71,showVotersList
FN:82,setWithdrawTo
FN:87,execute
FNF:6
FNH:6
FNDA:3,constructor
FNDA:1,createProp
FNDA:3,vote
FNDA:1,showVotersList
FNDA:1,setWithdrawTo
FNDA:1,execute
DA:36,3
DA:37,3
DA:38,3
DA:42,1
DA:43,1
DA:44,1
DA:45,1
DA:46,1
DA:47,1
DA:48,1
DA:49,1
DA:50,1
DA:51,1
DA:55,3
DA:56,3
DA:57,3
DA:58,3
DA:59,3
DA:60,3
DA:61,3
DA:62,3
DA:63,2
DA:64,2
DA:66,1
DA:67,1
DA:72,1
DA:74,1
DA:83,1
DA:84,1
DA:88,1
DA:89,1
DA:90,1
DA:91,1
DA:93,1
DA:94,1
DA:95,1
DA:96,1
DA:97,1
DA:98,2
DA:101,0
DA:102,0
DA:103,0
DA:104,0
DA:107,1
LF:44
LH:40
BRDA:42,1,0,1
BRDA:42,1,1,0
BRDA:43,2,0,1
BRDA:43,2,1,0
BRDA:45,3,0,1
BRDA:45,3,1,0
BRDA:55,4,0,3
BRDA:55,4,1,0
BRDA:56,5,0,3
BRDA:56,5,1,0
BRDA:57,6,0,3
BRDA:57,6,1,0
BRDA:58,7,0,3
BRDA:58,7,1,0
BRDA:59,8,0,3
BRDA:59,8,1,0
BRDA:62,9,0,2
BRDA:62,9,1,1
BRDA:72,10,0,1
BRDA:72,10,1,0
BRDA:83,11,0,1
BRDA:83,11,1,0
BRDA:88,12,0,1
BRDA:88,12,1,0
BRDA:89,13,0,1
BRDA:89,13,1,0
BRDA:90,14,0,1
BRDA:90,14,1,0
BRDA:94,15,0,1
BRDA:94,15,1,0
BRF:30
BRH:16
end_of_record
