TN:
SF:/home/oncemore/blockchainWork/venym/dao_contract/contracts/BurnToken/BurnToken.sol
FN:21,createProp
FN:29,vote
FN:40,execute
FNF:3
FNH:0
FNDA:0,createProp
FNDA:0,vote
FNDA:0,execute
DA:22,0
DA:23,0
DA:24,0
DA:25,0
DA:26,0
DA:27,0
DA:30,0
DA:31,0
DA:32,0
DA:33,0
DA:34,0
DA:36,0
DA:38,0
DA:41,0
DA:42,0
DA:43,0
DA:45,0
DA:46,0
DA:47,0
DA:48,0
LF:20
LH:0
BRDA:22,1,0,0
BRDA:22,1,1,0
BRDA:24,2,0,0
BRDA:24,2,1,0
BRDA:30,3,0,0
BRDA:30,3,1,0
BRDA:31,4,0,0
BRDA:31,4,1,0
BRDA:33,5,0,0
BRDA:33,5,1,0
BRDA:41,6,0,0
BRDA:41,6,1,0
BRDA:42,7,0,0
BRDA:42,7,1,0
BRF:14
BRH:0
end_of_record
TN:
SF:/home/oncemore/blockchainWork/venym/dao_contract/contracts/CreateToken/CreateToken.sol
FN:6,constructor
FNF:1
FNH:1
FNDA:3,constructor
DA:7,3
LF:1
LH:1
BRF:0
BRH:0
end_of_record
TN:
SF:/home/oncemore/blockchainWork/venym/dao_contract/contracts/CreateToken/CreateTokenProposal.sol
FN:14,constructor
FN:38,createProp
FN:44,vote
FN:59,execute
FN:78,showVotersList
FNF:5
FNH:5
FNDA:3,constructor
FNDA:2,createProp
FNDA:8,vote
FNDA:2,execute
FNDA:1,showVotersList
DA:15,3
DA:16,3
DA:17,3
DA:39,2
DA:40,2
DA:41,2
DA:42,2
DA:45,8
DA:46,8
DA:47,8
DA:48,8
DA:49,8
DA:50,8
DA:51,5
DA:52,5
DA:54,3
DA:55,3
DA:57,8
DA:60,2
DA:61,2
DA:63,2
DA:64,2
DA:65,2
DA:66,2
DA:67,2
DA:68,5
DA:71,0
DA:72,0
DA:73,0
DA:76,2
DA:80,1
LF:31
LH:28
BRDA:45,1,0,8
BRDA:45,1,1,0
BRDA:46,2,0,8
BRDA:46,2,1,0
BRDA:47,3,0,8
BRDA:47,3,1,0
BRDA:50,4,0,5
BRDA:50,4,1,3
BRDA:60,5,0,2
BRDA:60,5,1,0
BRDA:63,6,0,2
BRDA:63,6,1,0
BRF:12
BRH:7
end_of_record
TN:
SF:/home/oncemore/blockchainWork/venym/dao_contract/contracts/CreateToken/Factory.sol
FN:10,createToken
FNF:1
FNH:1
FNDA:3,createToken
DA:15,3
DA:16,3
DA:17,3
DA:18,3
DA:21,3
DA:22,3
LF:6
LH:6
BRF:0
BRH:0
end_of_record
TN:
SF:/home/oncemore/blockchainWork/venym/dao_contract/contracts/CreateToken/Interface/IFactory.sol
FNF:0
FNH:0
LF:0
LH:0
BRF:0
BRH:0
end_of_record
TN:
SF:/home/oncemore/blockchainWork/venym/dao_contract/contracts/Dao.sol
FN:9,constructor
FN:12,setVoteFee
FN:15,approve
FNF:3
FNH:3
FNDA:3,constructor
FNDA:1,setVoteFee
FNDA:1,approve
DA:10,3
DA:13,1
DA:16,1
LF:3
LH:3
BRF:0
BRH:0
end_of_record
TN:
SF:/home/oncemore/blockchainWork/venym/dao_contract/contracts/GovernanceToken/VNMToken.sol
FN:11,constructor
FN:15,setFeeWallet
FN:18,decimals
FN:21,transfer
FN:26,transferFrom
FNF:5
FNH:4
FNDA:3,constructor
FNDA:1,setFeeWallet
FNDA:0,decimals
FNDA:2,transfer
FNDA:14,transferFrom
DA:12,3
DA:13,3
DA:16,1
DA:19,0
DA:22,2
DA:23,2
DA:24,2
DA:31,14
DA:32,14
DA:33,14
DA:34,14
DA:35,14
DA:39,14
LF:13
LH:12
BRDA:34,1,0,14
BRDA:34,1,1,0
BRF:2
BRH:1
end_of_record
